
> qrmenu-order@0.1.0 build
> next build

▲ Next.js 16.1.6 (Turbopack)
- Environments: .env

  Creating an optimized production build ...

> Build error occurred
Error: Turbopack build failed with 18 errors:
./src/app/(storefront)/[tableId]/menu-client.tsx:574:48
Parsing ecmascript source code failed
[0m [90m 572 |[39m       }[33m;[39m
 [90m 573 |[39m       [36mif[39m (result[33m.[39msuccess) {
[31m[1m>[22m[39m[90m 574 |[39m         toast[33m.[39msuccess(result[33m.[39mmessage [33m?[39m [32m"Tamam."[39m[33m,[39m { id[33m:[39m toastId })[33m;[39m
 [90m     |[39m                                                [31m[1m^[22m[39m
 [90m 575 |[39m       } [36melse[39m {
 [90m 576 |[39m         [36mconst[39m retry [33m=[39m
 [90m 577 |[39m           result[33m.[39mrateLimit[33m?[39m[33m.[39mretryAfterSeconds [33m!=[39m [36mnull[39m [33m?[39m [32m` (${result.rateLimit.retryAfterSeconds} sn sonra tekrar deneyin)`[39m[0m

Expected ':', got ','

Import trace:
  Server Component:
    ./src/app/(storefront)/[tableId]/menu-client.tsx
    ./src/app/(storefront)/[tableId]/page.tsx


./src/app/actions/cancel-order-item.ts:130:81
Parsing ecmascript source code failed
[0m [90m 128 |[39m       paymentSettled[33m,[39m
 [90m 129 |[39m     })[33m;[39m
[31m[1m>[22m[39m[90m 130 |[39m     [36mconst[39m requestedMode[33m:[39m [33mCancelMode[39m [33m=[39m mode [33m?[39m (matrix[33m.[39mpaid [33m?[39m [32m"REFUND"[39m [33m:[39m [32m"CANCEL"[39m)[33m;[39m
 [90m     |[39m                                                                                 [31m[1m^[22m[39m
 [90m 131 |[39m
 [90m 132 |[39m     [36mif[39m ([33m![39mmatrix[33m.[39mcanCancel [33m&&[39m [33m![39mmatrix[33m.[39mcanRefund) {
 [90m 133 |[39m       [36mreturn[39m {[0m

Expected ':', got ';'

Import traces:
  Client Component Browser:
    ./src/app/actions/cancel-order-item.ts [Client Component Browser]
    ./src/app/waiter/orders-section.tsx [Client Component Browser]
    ./src/app/waiter/waiter-dashboard-client.tsx [Client Component Browser]
    ./src/app/waiter/waiter-dashboard-client.tsx [Server Component]
    ./src/app/waiter/page.tsx [Server Component]

  Client Component SSR:
    ./src/app/actions/cancel-order-item.ts [Client Component SSR]
    ./src/app/waiter/orders-section.tsx [Client Component SSR]
    ./src/app/waiter/waiter-dashboard-client.tsx [Client Component SSR]
    ./src/app/waiter/waiter-dashboard-client.tsx [Server Component]
    ./src/app/waiter/page.tsx [Server Component]


./src/app/actions/create-order-manual.ts:77:9
Parsing ecmascript source code failed
[0m [90m 75 |[39m       [36mconst[39m stockQuantity [33m=[39m [33mNumber[39m[33m.[39misFinite(stockQuantityRaw)
 [90m 76 |[39m         [33m?[39m[33m?[39m [33mMath[39m[33m.[39mmax([35m0[39m[33m,[39m [33mMath[39m[33m.[39mfloor(stockQuantityRaw))
[31m[1m>[22m[39m[90m 77 |[39m         [33m:[39m [35m0[39m[33m;[39m
 [90m    |[39m         [31m[1m^[22m[39m
 [90m 78 |[39m
 [90m 79 |[39m       [36mif[39m (trackStock [33m&&[39m stockQuantity [33m<[39m item[33m.[39mquantity) {
 [90m 80 |[39m         [36mreturn[39m {[0m

Expression expected

Import traces:
  Client Component Browser:
    ./src/app/actions/create-order-manual.ts [Client Component Browser]
    ./src/app/waiter/manual-order-fab.tsx [Client Component Browser]
    ./src/app/waiter/waiter-table-and-order-section.tsx [Client Component Browser]
    ./src/app/waiter/waiter-dashboard-client.tsx [Client Component Browser]
    ./src/app/waiter/waiter-dashboard-client.tsx [Server Component]
    ./src/app/waiter/page.tsx [Server Component]

  Client Component SSR:
    ./src/app/actions/create-order-manual.ts [Client Component SSR]
    ./src/app/waiter/manual-order-fab.tsx [Client Component SSR]
    ./src/app/waiter/waiter-table-and-order-section.tsx [Client Component SSR]
    ./src/app/waiter/waiter-dashboard-client.tsx [Client Component SSR]
    ./src/app/waiter/waiter-dashboard-client.tsx [Server Component]
    ./src/app/waiter/page.tsx [Server Component]


./src/app/actions/get-bill-request-payment-summary.ts:79:9
Parsing ecmascript source code failed
[0m [90m 77 |[39m             select[33m:[39m { orderId[33m:[39m [36mtrue[39m[33m,[39m productId[33m:[39m [36mtrue[39m[33m,[39m quantity[33m:[39m [36mtrue[39m }[33m,[39m
 [90m 78 |[39m           })
[31m[1m>[22m[39m[90m 79 |[39m         [33m:[39m [33mPromise[39m[33m.[39mresolve([])[33m,[39m
 [90m    |[39m         [31m[1m^[22m[39m
 [90m 80 |[39m       cycleOrderIds[33m.[39mlength [33m>[39m [35m0[39m
 [90m 81 |[39m         [33m?[39m[33m?[39m prisma[33m.[39mcashOrderAdjustment[33m.[39mfindMany({
 [90m 82 |[39m             where[33m:[39m { tenantId[33m,[39m orderId[33m:[39m { [36min[39m[33m:[39m cycleOrderIds } }[33m,[39m[0m

Expected ',', got ':'

Import traces:
  Client Component Browser:
    ./src/app/actions/get-bill-request-payment-summary.ts [Client Component Browser]
    ./src/app/waiter/bill-requests-section.tsx [Client Component Browser]
    ./src/app/waiter/waiter-dashboard-client.tsx [Client Component Browser]
    ./src/app/waiter/waiter-dashboard-client.tsx [Server Component]
    ./src/app/waiter/page.tsx [Server Component]

  Client Component SSR:
    ./src/app/actions/get-bill-request-payment-summary.ts [Client Component SSR]
    ./src/app/waiter/bill-requests-section.tsx [Client Component SSR]
    ./src/app/waiter/waiter-dashboard-client.tsx [Client Component SSR]
    ./src/app/waiter/waiter-dashboard-client.tsx [Server Component]
    ./src/app/waiter/page.tsx [Server Component]


./src/app/actions/menu-management.ts:113:11
Parsing ecmascript source code failed
[0m [90m 111 |[39m         message[33m:[39m details
 [90m 112 |[39m           [33m?[39m[33m?[39m [32m`Menu canliya alinamadi. ${details}`[39m
[31m[1m>[22m[39m[90m 113 |[39m           [33m:[39m [32m"Menu canliya alinmadan once kurulum adimlarini tamamlayin."[39m[33m,[39m
 [90m     |[39m           [31m[1m^[22m[39m
 [90m 114 |[39m       }[33m;[39m
 [90m 115 |[39m     }
 [90m 116 |[39m[0m

Expected ',', got ':'

Import traces:
  Client Component Browser:
    ./src/app/actions/menu-management.ts [Client Component Browser]
    ./src/app/restaurant/menu/menu-manager.tsx [Client Component Browser]
    ./src/app/restaurant/menu/menu-manager.tsx [Server Component]
    ./src/app/restaurant/menu/page.tsx [Server Component]

  Client Component SSR:
    ./src/app/actions/menu-management.ts [Client Component SSR]
    ./src/app/restaurant/menu/menu-manager.tsx [Client Component SSR]
    ./src/app/restaurant/menu/menu-manager.tsx [Server Component]
    ./src/app/restaurant/menu/page.tsx [Server Component]


./src/app/actions/product-crud.ts:239:7
Parsing ecmascript source code failed
[0m [90m 237 |[39m     [36mconst[39m normalizedStockQuantity [33m=[39m [33mNumber[39m[33m.[39misFinite(data[33m.[39mstockQuantity)
 [90m 238 |[39m       [33m?[39m[33m?[39m [33mMath[39m[33m.[39mmax([35m0[39m[33m,[39m [33mMath[39m[33m.[39mfloor([33mNumber[39m(data[33m.[39mstockQuantity)))
[31m[1m>[22m[39m[90m 239 |[39m       [33m:[39m [35m0[39m[33m;[39m
 [90m     |[39m       [31m[1m^[22m[39m
 [90m 240 |[39m
 [90m 241 |[39m     [36mconst[39m isActive [33m=[39m data[33m.[39misActive [33m?[39m[33m?[39m [36mtrue[39m[33m;[39m
 [90m 242 |[39m     [36mconst[39m isFeatured [33m=[39m data[33m.[39misFeatured [33m?[39m[33m?[39m [36mfalse[39m[33m;[39m[0m

Expression expected

Import traces:
  Client Component Browser:
    ./src/app/actions/product-crud.ts [Client Component Browser]
    ./src/app/restaurant/menu/menu-manager.tsx [Client Component Browser]
    ./src/app/restaurant/menu/menu-manager.tsx [Server Component]
    ./src/app/restaurant/menu/page.tsx [Server Component]

  Client Component SSR:
    ./src/app/actions/product-crud.ts [Client Component SSR]
    ./src/app/restaurant/menu/menu-manager.tsx [Client Component SSR]
    ./src/app/restaurant/menu/menu-manager.tsx [Server Component]
    ./src/app/restaurant/menu/page.tsx [Server Component]


./src/app/actions/save-payment-config.ts:32:7
Parsing ecmascript source code failed
[0m [90m 30 |[39m     [36mconst[39m newSecret [33m=[39m options[33m.[39msecretKey[33m?[39m[33m.[39mtrim()[33m;[39m
 [90m 31 |[39m     [36mconst[39m encryptedSecret [33m=[39m
[31m[1m>[22m[39m[90m 32 |[39m       newSecret [33m!==[39m undefined [33m&&[39m newSecret [33m!==[39m [32m""[39m
 [90m    |[39m       [31m[1m^[22m[39m[31m[1m^[22m[39m[31m[1m^[22m[39m[31m[1m^[22m[39m[31m[1m^[22m[39m[31m[1m^[22m[39m[31m[1m^[22m[39m[31m[1m^[22m[39m[31m[1m^[22m[39m[31m[1m^[22m[39m[31m[1m^[22m[39m[31m[1m^[22m[39m[31m[1m^[22m[39m[31m[1m^[22m[39m[31m[1m^[22m[39m[31m[1m^[22m[39m[31m[1m^[22m[39m[31m[1m^[22m[39m[31m[1m^[22m[39m[31m[1m^[22m[39m[31m[1m^[22m[39m[31m[1m^[22m[39m[31m[1m^[22m[39m[31m[1m^[22m[39m[31m[1m^[22m[39m[31m[1m^[22m[39m[31m[1m^[22m[39m[31m[1m^[22m[39m[31m[1m^[22m[39m[31m[1m^[22m[39m[31m[1m^[22m[39m[31m[1m^[22m[39m[31m[1m^[22m[39m[31m[1m^[22m[39m[31m[1m^[22m[39m[31m[1m^[22m[39m[31m[1m^[22m[39m[31m[1m^[22m[39m[31m[1m^[22m[39m[31m[1m^[22m[39m[31m[1m^[22m[39m[31m[1m^[22m[39m[31m[1m^[22m[39m
 [90m 33 |[39m         [33m?[39m[33m?[39m encryptSecretAtRest(newSecret)
 [90m 34 |[39m         [33m:[39m undefined[33m;[39m
 [90m 35 |[39m[0m

Nullish coalescing operator(??) requires parens when mixing with logical operators

Import traces:
  Client Component Browser:
    ./src/app/actions/save-payment-config.ts [Client Component Browser]
    ./src/app/restaurant/settings/payment-settings-section.tsx [Client Component Browser]
    ./src/app/restaurant/settings/payment-settings-section.tsx [Server Component]
    ./src/app/restaurant/settings/page.tsx [Server Component]

  Client Component SSR:
    ./src/app/actions/save-payment-config.ts [Client Component SSR]
    ./src/app/restaurant/settings/payment-settings-section.tsx [Client Component SSR]
    ./src/app/restaurant/settings/payment-settings-section.tsx [Server Component]
    ./src/app/restaurant/settings/page.tsx [Server Component]


./src/app/actions/update-bill-request-status.ts:137:11
Parsing ecmascript source code failed
[0m [90m 135 |[39m         status [33m===[39m [32m"ACKNOWLEDGED"[39m
 [90m 136 |[39m           [33m?[39m[33m?[39m [32m"Hesap istegi alindi olarak isaretlendi."[39m
[31m[1m>[22m[39m[90m 137 |[39m           [33m:[39m [32m"Hesap istegi vazgecildi olarak kapatildi. Borc aynen korunur."[39m[33m,[39m
 [90m     |[39m           [31m[1m^[22m[39m
 [90m 138 |[39m     }[33m;[39m
 [90m 139 |[39m   } [36mcatch[39m (error) {
 [90m 140 |[39m     logServerError([32m"update-bill-request-status"[39m[33m,[39m error)[33m;[39m[0m

Expected ',', got ':'

Import traces:
  Client Component Browser:
    ./src/app/actions/update-bill-request-status.ts [Client Component Browser]
    ./src/app/waiter/bill-requests-section.tsx [Client Component Browser]
    ./src/app/waiter/waiter-dashboard-client.tsx [Client Component Browser]
    ./src/app/waiter/waiter-dashboard-client.tsx [Server Component]
    ./src/app/waiter/page.tsx [Server Component]

  Client Component SSR:
    ./src/app/actions/update-bill-request-status.ts [Client Component SSR]
    ./src/app/waiter/bill-requests-section.tsx [Client Component SSR]
    ./src/app/waiter/waiter-dashboard-client.tsx [Client Component SSR]
    ./src/app/waiter/waiter-dashboard-client.tsx [Server Component]
    ./src/app/waiter/page.tsx [Server Component]


./src/app/kitchen/orders-list.tsx:407:15
Parsing ecmascript source code failed
[0m [90m 405 |[39m             {nowMs [33m!=[39m [36mnull[39m
 [90m 406 |[39m               [33m?[39m[33m?[39m [36mnew[39m [33mDate[39m(nowMs)[33m.[39mtoLocaleTimeString([32m"tr-TR"[39m)
[31m[1m>[22m[39m[90m 407 |[39m               [33m:[39m formatShortTime(summary[33m?[39m[33m.[39mlastUpdatedIso [33m?[39m[33m?[39m [36mnull[39m)}
 [90m     |[39m               [31m[1m^[22m[39m
 [90m 408 |[39m           [33m<[39m[33m/[39m[33mp[39m[33m>[39m
 [90m 409 |[39m         [33m<[39m[33m/[39m[33msection[39m[33m>[39m
 [90m 410 |[39m       )}[0m

Expected '</', got ':'

Import trace:
  Server Component:
    ./src/app/kitchen/orders-list.tsx
    ./src/app/kitchen/page.tsx


./src/app/restaurant/reports/reports-view.tsx:779:4
Parsing ecmascript source code failed
[0m [90m 777 |[39m     tone [33m===[39m [32m"success"[39m
 [90m 778 |[39m       [33m?[39m[33m?[39m [32m"success"[39m
[31m[1m>[22m[39m[90m 779 |[39m       [33m:[39m tone [33m===[39m [32m"warning"[39m
 [90m     |[39m    [31m[1m^[22m[39m
 [90m 780 |[39m         [33m?[39m[33m?[39m [32m"warning"[39m
 [90m 781 |[39m         [33m:[39m tone [33m===[39m [32m"danger"[39m
 [90m 782 |[39m           [33m?[39m[33m?[39m [32m"danger"[39m[0m

Expression expected

Import trace:
  Server Component:
    ./src/app/restaurant/reports/reports-view.tsx
    ./src/app/restaurant/reports/page.tsx


./src/app/restaurant/settings/domain-section.tsx:121:23
Parsing ecmascript source code failed
[0m [90m 119 |[39m                         [33mDoğrulandı[39m
 [90m 120 |[39m                       [33m<[39m[33m/[39m[33mspan[39m[33m>[39m
[31m[1m>[22m[39m[90m 121 |[39m                     ) [33m:[39m (
 [90m     |[39m                       [31m[1m^[22m[39m
 [90m 122 |[39m                       [33m<[39m[33mspan[39m className[33m=[39m[32m"rounded-full bg-amber-50 px-2 py-0.5 text-[11px] font-semibold text-amber-700"[39m[33m>[39m
 [90m 123 |[39m                         [33mBekliyor[39m [33m/[39m [33mDoğrulama[39m bekleniyor
 [90m 124 |[39m                       [33m<[39m[33m/[39m[33mspan[39m[33m>[39m[0m

Expected '</', got ':'

Import trace:
  Server Component:
    ./src/app/restaurant/settings/domain-section.tsx
    ./src/app/restaurant/settings/page.tsx


./src/app/restaurant/settings/settings-form.tsx:248:40
Parsing ecmascript source code failed
[0m [90m 246 |[39m     updateWorkingHourRow(weekday[33m,[39m {
 [90m 247 |[39m       isOpen[33m:[39m [36mtrue[39m[33m,[39m
[31m[1m>[22m[39m[90m 248 |[39m       openTime[33m:[39m current[33m.[39mopenTime [33m?[39m [32m"09:00"[39m[33m,[39m
 [90m     |[39m                                        [31m[1m^[22m[39m
 [90m 249 |[39m       closeTime[33m:[39m current[33m.[39mcloseTime [33m?[39m [32m"22:00"[39m[33m,[39m
 [90m 250 |[39m     })[33m;[39m
 [90m 251 |[39m   }[33m;[39m[0m

Expected ':', got ','

Import trace:
  Server Component:
    ./src/app/restaurant/settings/settings-form.tsx
    ./src/app/restaurant/settings/page.tsx


./src/app/restaurant/users/users-manager.tsx:162:15
Parsing ecmascript source code failed
[0m [90m 160 |[39m             {fieldErrors[33m.[39mdisplayName [33m?[39m[33m?[39m (
 [90m 161 |[39m               [33m<[39m[33mp[39m className[33m=[39m[32m"mt-1 text-xs text-[color:var(--ui-danger)]"[39m[33m>[39m{fieldErrors[33m.[39mdisplayName}[33m<[39m[33m/[39m[33mp[39m[33m>[39m
[31m[1m>[22m[39m[90m 162 |[39m             ) [33m:[39m [36mnull[39m}
 [90m     |[39m               [31m[1m^[22m[39m
 [90m 163 |[39m           [33m<[39m[33m/[39m[33mdiv[39m[33m>[39m
 [90m 164 |[39m
 [90m 165 |[39m           [33m<[39m[33mdiv[39m[33m>[39m[0m

Expected '</', got ':'

Import trace:
  Server Component:
    ./src/app/restaurant/users/users-manager.tsx
    ./src/app/restaurant/users/page.tsx


./src/app/restaurant/waiter-calls/waiter-calls-log-view.tsx:198:15
Parsing ecmascript source code failed
[0m [90m 196 |[39m                 [33mYoğun[39m çağrı[33m:[39m {flaggedTableIds[33m.[39mlength}
 [90m 197 |[39m               [33m<[39m[33m/[39m[33mspan[39m[33m>[39m
[31m[1m>[22m[39m[90m 198 |[39m             ) [33m:[39m [36mnull[39m}
 [90m     |[39m               [31m[1m^[22m[39m
 [90m 199 |[39m           [33m<[39m[33m/[39m[33mdiv[39m[33m>[39m
 [90m 200 |[39m         [33m<[39m[33m/[39m[33mdiv[39m[33m>[39m
 [90m 201 |[39m[0m

Expected '</', got ':'

Import trace:
  Server Component:
    ./src/app/restaurant/waiter-calls/waiter-calls-log-view.tsx
    ./src/app/restaurant/waiter-calls/page.tsx


./src/app/waiter/table-account-transfer-modal.tsx:220:13
Parsing ecmascript source code failed
[0m [90m 218 |[39m           {mode [33m===[39m [32m"full"[39m [33m?[39m[33m?[39m (
 [90m 219 |[39m             [33m<[39m[33mArrowRightLeft[39m className[33m=[39m[32m"mt-0.5 h-5 w-5 text-emerald-600"[39m [33m/[39m[33m>[39m
[31m[1m>[22m[39m[90m 220 |[39m           ) [33m:[39m mode [33m===[39m [32m"merge"[39m [33m?[39m[33m?[39m (
 [90m     |[39m             [31m[1m^[22m[39m
 [90m 221 |[39m             [33m<[39m[33mGitMerge[39m className[33m=[39m[32m"mt-0.5 h-5 w-5 text-emerald-600"[39m [33m/[39m[33m>[39m
 [90m 222 |[39m           ) [33m:[39m (
 [90m 223 |[39m             [33m<[39m[33mListChecks[39m className[33m=[39m[32m"mt-0.5 h-5 w-5 text-emerald-600"[39m [33m/[39m[33m>[39m[0m

Expected '</', got ':'

Import traces:
  Client Component Browser:
    ./src/app/waiter/table-account-transfer-modal.tsx [Client Component Browser]
    ./src/app/waiter/waiter-table-and-order-section.tsx [Client Component Browser]
    ./src/app/waiter/waiter-dashboard-client.tsx [Client Component Browser]
    ./src/app/waiter/waiter-dashboard-client.tsx [Server Component]
    ./src/app/waiter/page.tsx [Server Component]

  Client Component SSR:
    ./src/app/waiter/table-account-transfer-modal.tsx [Client Component SSR]
    ./src/app/waiter/waiter-table-and-order-section.tsx [Client Component SSR]
    ./src/app/waiter/waiter-dashboard-client.tsx [Client Component SSR]
    ./src/app/waiter/waiter-dashboard-client.tsx [Server Component]
    ./src/app/waiter/page.tsx [Server Component]


./src/app/waiter/waiter-table-cards.tsx:145:21
Parsing ecmascript source code failed
[0m [90m 143 |[39m                       [33mHesabi[39m [33mTasima[39m
 [90m 144 |[39m                     [33m<[39m[33m/[39m[33mbutton[39m[33m>[39m
[31m[1m>[22m[39m[90m 145 |[39m                   ) [33m:[39m [36mnull[39m}
 [90m     |[39m                     [31m[1m^[22m[39m
 [90m 146 |[39m                   {onTransferMerge [33m?[39m[33m?[39m (
 [90m 147 |[39m                     [33m<[39m[33mbutton[39m
 [90m 148 |[39m                       type[33m=[39m[32m"button"[39m[0m

Expected '</', got ':'

Import traces:
  Client Component Browser:
    ./src/app/waiter/waiter-table-cards.tsx [Client Component Browser]
    ./src/app/waiter/waiter-table-and-order-section.tsx [Client Component Browser]
    ./src/app/waiter/waiter-dashboard-client.tsx [Client Component Browser]
    ./src/app/waiter/waiter-dashboard-client.tsx [Server Component]
    ./src/app/waiter/page.tsx [Server Component]

  Client Component SSR:
    ./src/app/waiter/waiter-table-cards.tsx [Client Component SSR]
    ./src/app/waiter/waiter-table-and-order-section.tsx [Client Component SSR]
    ./src/app/waiter/waiter-dashboard-client.tsx [Client Component SSR]
    ./src/app/waiter/waiter-dashboard-client.tsx [Server Component]
    ./src/app/waiter/page.tsx [Server Component]


./src/lib/iyzico-order-refund.ts:102:36
Parsing ecmascript source code failed
[0m [90m 100 |[39m       refund[33m.[39mpaymentTransactionId [33m?[39m
 [90m 101 |[39m       refund[33m.[39mpaymentId [33m?[39m
[31m[1m>[22m[39m[90m 102 |[39m       checkout[33m.[39mpaymentTransactionId[33m,[39m
 [90m     |[39m                                    [31m[1m^[22m[39m
 [90m 103 |[39m   }[33m;[39m
 [90m 104 |[39m }
 [90m 105 |[39m[0m

Expected ':', got ','

Import trace:
  Server Component:
    ./src/lib/iyzico-order-refund.ts
    ./src/app/actions/update-order-status.ts


./src/modules/marketing/components/landing-lead-form.tsx:147:9
Parsing ecmascript source code failed
[0m [90m 145 |[39m           ))}
 [90m 146 |[39m         [33m<[39m[33m/[39m[33mul[39m[33m>[39m
[31m[1m>[22m[39m[90m 147 |[39m       ) [33m:[39m [36mnull[39m}
 [90m     |[39m         [31m[1m^[22m[39m
 [90m 148 |[39m
 [90m 149 |[39m       [33m<[39m[33mdiv[39m className[33m=[39m[32m"grid gap-3 md:grid-cols-2"[39m[33m>[39m
 [90m 150 |[39m         [33m<[39m[33mdiv[39m className[33m=[39m[32m"space-y-1"[39m[33m>[39m[0m

Expected '</', got ':'

Import trace:
  Server Component:
    ./src/modules/marketing/components/landing-lead-form.tsx
    ./src/modules/marketing/components/landing-homepage-view.tsx
    ./src/app/page.tsx


    at <unknown> (./src/app/(storefront)/[tableId]/menu-client.tsx:574:48)
    at <unknown> (./src/app/actions/cancel-order-item.ts:130:81)
    at <unknown> (./src/app/actions/create-order-manual.ts:77:9)
    at <unknown> (./src/app/actions/get-bill-request-payment-summary.ts:79:9)
    at <unknown> (./src/app/actions/menu-management.ts:113:11)
    at <unknown> (./src/app/actions/product-crud.ts:239:7)
    at <unknown> (./src/app/actions/save-payment-config.ts:32:7)
    at <unknown> (./src/app/actions/update-bill-request-status.ts:137:11)
    at <unknown> (./src/app/kitchen/orders-list.tsx:407:15)
    at <unknown> (./src/app/restaurant/reports/reports-view.tsx:779:4)
    at <unknown> (./src/app/restaurant/settings/domain-section.tsx:121:23)
    at <unknown> (./src/app/restaurant/settings/settings-form.tsx:248:40)
    at <unknown> (./src/app/restaurant/users/users-manager.tsx:162:15)
    at <unknown> (./src/app/restaurant/waiter-calls/waiter-calls-log-view.tsx:198:15)
    at <unknown> (./src/app/waiter/table-account-transfer-modal.tsx:220:13)
    at <unknown> (./src/app/waiter/waiter-table-cards.tsx:145:21)
    at <unknown> (./src/lib/iyzico-order-refund.ts:102:36)
    at <unknown> (./src/modules/marketing/components/landing-lead-form.tsx:147:9)
