
> qrmenu-order@0.1.0 build
> next build

▲ Next.js 16.1.6 (Turbopack)
- Environments: .env

  Creating an optimized production build ...

> Build error occurred
Error: Turbopack build failed with 10 errors:
./src/app/actions/cancel-order-item.ts:387:11
Parsing ecmascript source code failed
[0m [90m 385 |[39m         requestedMode [33m===[39m [32m"REFUND"[39m
 [90m 386 |[39m           [33m?[39m[33m?[39m [32m"İade işlemi başarıyla kaydedildi."[39m
[31m[1m>[22m[39m[90m 387 |[39m           [33m:[39m [32m"İptal işlemi başarıyla kaydedildi."[39m[33m,[39m
 [90m     |[39m           [31m[1m^[22m[39m
 [90m 388 |[39m       meta[33m:[39m {
 [90m 389 |[39m         orderId[33m,[39m
 [90m 390 |[39m         productId[33m,[39m[0m

Expected ',', got ':'

Import traces:
  Client Component Browser:
    ./src/app/actions/cancel-order-item.ts [Client Component Browser]
    ./src/app/waiter/orders-section.tsx [Client Component Browser]
    ./src/app/waiter/waiter-dashboard-client.tsx [Client Component Browser]
    ./src/app/waiter/waiter-dashboard-client.tsx [Server Component]
    ./src/app/waiter/page.tsx [Server Component]

  Client Component SSR:
    ./src/app/actions/cancel-order-item.ts [Client Component SSR]
    ./src/app/waiter/orders-section.tsx [Client Component SSR]
    ./src/app/waiter/waiter-dashboard-client.tsx [Client Component SSR]
    ./src/app/waiter/waiter-dashboard-client.tsx [Server Component]
    ./src/app/waiter/page.tsx [Server Component]


./src/app/actions/get-bill-request-payment-summary.ts:114:9
Parsing ecmascript source code failed
[0m [90m 112 |[39m             select[33m:[39m { id[33m:[39m [36mtrue[39m[33m,[39m nameTR[33m:[39m [36mtrue[39m }[33m,[39m
 [90m 113 |[39m           })
[31m[1m>[22m[39m[90m 114 |[39m         [33m:[39m [][33m;[39m
 [90m     |[39m         [31m[1m^[22m[39m
 [90m 115 |[39m     [36mconst[39m productNameMap [33m=[39m [36mnew[39m [33mMap[39m(products[33m.[39mmap((product) [33m=>[39m [product[33m.[39mid[33m,[39m product[33m.[39mnameTR]))[33m;[39m
 [90m 116 |[39m
 [90m 117 |[39m     [36mconst[39m completedLineMap [33m=[39m [36mnew[39m [33mMap[39m[33m<[39m[0m

Expression expected

Import traces:
  Client Component Browser:
    ./src/app/actions/get-bill-request-payment-summary.ts [Client Component Browser]
    ./src/app/waiter/bill-requests-section.tsx [Client Component Browser]
    ./src/app/waiter/waiter-dashboard-client.tsx [Client Component Browser]
    ./src/app/waiter/waiter-dashboard-client.tsx [Server Component]
    ./src/app/waiter/page.tsx [Server Component]

  Client Component SSR:
    ./src/app/actions/get-bill-request-payment-summary.ts [Client Component SSR]
    ./src/app/waiter/bill-requests-section.tsx [Client Component SSR]
    ./src/app/waiter/waiter-dashboard-client.tsx [Client Component SSR]
    ./src/app/waiter/waiter-dashboard-client.tsx [Server Component]
    ./src/app/waiter/page.tsx [Server Component]


./src/app/actions/product-crud.ts:290:11
Parsing ecmascript source code failed
[0m [90m 288 |[39m               )[33m.[39mmap((row) [33m=>[39m normalizeCustomAllergenName(row[33m.[39mname))[33m,[39m
 [90m 289 |[39m             )
[31m[1m>[22m[39m[90m 290 |[39m           [33m:[39m undefined[33m;[39m
 [90m     |[39m           [31m[1m^[22m[39m
 [90m 291 |[39m
 [90m 292 |[39m       [36mconst[39m normalizedComplianceResult [33m=[39m normalizeProductComplianceInput(data[33m.[39mcomplianceInfo[33m,[39m {
 [90m 293 |[39m         supportsCustomAllergens[33m,[39m[0m

Expression expected

Import traces:
  Client Component Browser:
    ./src/app/actions/product-crud.ts [Client Component Browser]
    ./src/app/restaurant/menu/menu-manager.tsx [Client Component Browser]
    ./src/app/restaurant/menu/menu-manager.tsx [Server Component]
    ./src/app/restaurant/menu/page.tsx [Server Component]

  Client Component SSR:
    ./src/app/actions/product-crud.ts [Client Component SSR]
    ./src/app/restaurant/menu/menu-manager.tsx [Client Component SSR]
    ./src/app/restaurant/menu/menu-manager.tsx [Server Component]
    ./src/app/restaurant/menu/page.tsx [Server Component]


./src/app/actions/save-payment-config.ts:48:9
Parsing ecmascript source code failed
[0m [90m 46 |[39m       encryptedSecret [33m!==[39m undefined
 [90m 47 |[39m         [33m?[39m[33m?[39m encryptedSecret
[31m[1m>[22m[39m[90m 48 |[39m         [33m:[39m shouldMigrateLegacySecret [33m&&[39m existingLegacySecret
 [90m    |[39m         [31m[1m^[22m[39m
 [90m 49 |[39m           [33m?[39m[33m?[39m encryptSecretAtRest(existingLegacySecret)
 [90m 50 |[39m           [33m:[39m undefined[33m;[39m
 [90m 51 |[39m[0m

Expression expected

Import traces:
  Client Component Browser:
    ./src/app/actions/save-payment-config.ts [Client Component Browser]
    ./src/app/restaurant/settings/payment-settings-section.tsx [Client Component Browser]
    ./src/app/restaurant/settings/payment-settings-section.tsx [Server Component]
    ./src/app/restaurant/settings/page.tsx [Server Component]

  Client Component SSR:
    ./src/app/actions/save-payment-config.ts [Client Component SSR]
    ./src/app/restaurant/settings/payment-settings-section.tsx [Client Component SSR]
    ./src/app/restaurant/settings/payment-settings-section.tsx [Server Component]
    ./src/app/restaurant/settings/page.tsx [Server Component]


./src/app/restaurant/settings/settings-form.tsx:259:6
Parsing ecmascript source code failed
[0m [90m 257 |[39m       locationLatitude[33m.[39mtrim() [33m===[39m [32m""[39m
 [90m 258 |[39m         [33m?[39m[33m?[39m [36mnull[39m
[31m[1m>[22m[39m[90m 259 |[39m         [33m:[39m [33mNumber[39m(locationLatitude[33m.[39mtrim()[33m.[39mreplace([32m","[39m[33m,[39m [32m"."[39m))[33m;[39m
 [90m     |[39m      [31m[1m^[22m[39m
 [90m 260 |[39m     [36mconst[39m parsedLng [33m=[39m
 [90m 261 |[39m       locationLongitude[33m.[39mtrim() [33m===[39m [32m""[39m
 [90m 262 |[39m         [33m?[39m[33m?[39m [36mnull[39m[0m

Expression expected

Import trace:
  Server Component:
    ./src/app/restaurant/settings/settings-form.tsx
    ./src/app/restaurant/settings/page.tsx


./src/app/restaurant/users/users-manager.tsx:227:13
Parsing ecmascript source code failed
[0m [90m 225 |[39m               {error}
 [90m 226 |[39m             [33m<[39m[33m/[39m[33mp[39m[33m>[39m
[31m[1m>[22m[39m[90m 227 |[39m           ) [33m:[39m [36mnull[39m}
 [90m     |[39m             [31m[1m^[22m[39m
 [90m 228 |[39m           {message [33m?[39m[33m?[39m (
 [90m 229 |[39m             [33m<[39m[33mp[39m
 [90m 230 |[39m               className[33m=[39m{[32m`${cardClasses({ tone: "success" })} shadow-none px-3 py-2 text-sm font-medium text-[color:var(--ui-success)] sm:col-span-2 xl:col-span-4`[39m}[0m

Expected '</', got ':'

Import trace:
  Server Component:
    ./src/app/restaurant/users/users-manager.tsx
    ./src/app/restaurant/users/page.tsx


./src/app/restaurant/waiter-calls/waiter-calls-log-view.tsx:256:29
Parsing ecmascript source code failed
[0m [90m 254 |[39m                               [33mÇok[39m çağrı
 [90m 255 |[39m                             [33m<[39m[33m/[39m[33mspan[39m[33m>[39m
[31m[1m>[22m[39m[90m 256 |[39m                           ) [33m:[39m [36mnull[39m}
 [90m     |[39m                             [31m[1m^[22m[39m
 [90m 257 |[39m                         [33m<[39m[33m/[39m[33mdiv[39m[33m>[39m
 [90m 258 |[39m                       [33m<[39m[33m/[39m[33mtd[39m[33m>[39m
 [90m 259 |[39m                       [33m<[39m[33mtd[39m className[33m=[39m[32m"px-4 py-3 sm:px-5"[39m[33m>[39m[0m

Expected '</', got ':'

Import trace:
  Server Component:
    ./src/app/restaurant/waiter-calls/waiter-calls-log-view.tsx
    ./src/app/restaurant/waiter-calls/page.tsx


./src/app/waiter/table-account-transfer-modal.tsx:265:25
Parsing ecmascript source code failed
[0m [90m 263 |[39m                       {[33m![39mt[33m.[39misActive [33m?[39m[33m?[39m (
 [90m 264 |[39m                         [33m<[39m[33mspan[39m className[33m=[39m[32m"ml-1 text-[11px] font-medium text-amber-700"[39m[33m>[39m(kapali)[33m<[39m[33m/[39m[33mspan[39m[33m>[39m
[31m[1m>[22m[39m[90m 265 |[39m                       ) [33m:[39m [36mnull[39m}
 [90m     |[39m                         [31m[1m^[22m[39m
 [90m 266 |[39m                     [33m<[39m[33m/[39m[33mspan[39m[33m>[39m
 [90m 267 |[39m                   [33m<[39m[33m/[39m[33mlabel[39m[33m>[39m
 [90m 268 |[39m                 ))}[0m

Expected '</', got ':'

Import traces:
  Client Component Browser:
    ./src/app/waiter/table-account-transfer-modal.tsx [Client Component Browser]
    ./src/app/waiter/waiter-table-and-order-section.tsx [Client Component Browser]
    ./src/app/waiter/waiter-dashboard-client.tsx [Client Component Browser]
    ./src/app/waiter/waiter-dashboard-client.tsx [Server Component]
    ./src/app/waiter/page.tsx [Server Component]

  Client Component SSR:
    ./src/app/waiter/table-account-transfer-modal.tsx [Client Component SSR]
    ./src/app/waiter/waiter-table-and-order-section.tsx [Client Component SSR]
    ./src/app/waiter/waiter-dashboard-client.tsx [Client Component SSR]
    ./src/app/waiter/waiter-dashboard-client.tsx [Server Component]
    ./src/app/waiter/page.tsx [Server Component]


./src/app/waiter/waiter-table-cards.tsx:145:21
Parsing ecmascript source code failed
[0m [90m 143 |[39m                       [33mHesabi[39m [33mTasima[39m
 [90m 144 |[39m                     [33m<[39m[33m/[39m[33mbutton[39m[33m>[39m
[31m[1m>[22m[39m[90m 145 |[39m                   ) [33m:[39m [36mnull[39m}
 [90m     |[39m                     [31m[1m^[22m[39m
 [90m 146 |[39m                   {onTransferMerge [33m?[39m (
 [90m 147 |[39m                     [33m<[39m[33mbutton[39m
 [90m 148 |[39m                       type[33m=[39m[32m"button"[39m[0m

Expected '</', got ':'

Import traces:
  Client Component Browser:
    ./src/app/waiter/waiter-table-cards.tsx [Client Component Browser]
    ./src/app/waiter/waiter-table-and-order-section.tsx [Client Component Browser]
    ./src/app/waiter/waiter-dashboard-client.tsx [Client Component Browser]
    ./src/app/waiter/waiter-dashboard-client.tsx [Server Component]
    ./src/app/waiter/page.tsx [Server Component]

  Client Component SSR:
    ./src/app/waiter/waiter-table-cards.tsx [Client Component SSR]
    ./src/app/waiter/waiter-table-and-order-section.tsx [Client Component SSR]
    ./src/app/waiter/waiter-dashboard-client.tsx [Client Component SSR]
    ./src/app/waiter/waiter-dashboard-client.tsx [Server Component]
    ./src/app/waiter/page.tsx [Server Component]


./src/modules/marketing/components/landing-lead-form.tsx:206:95
Parsing ecmascript source code failed
[0m [90m 204 |[39m         [33m<[39m[33mspan[39m[33m>[39m
 [90m 205 |[39m           {consentText [33m?[39m
[31m[1m>[22m[39m[90m 206 |[39m             [32m"Bilgilerimin sat?? ekibi tarafindan iletisim icin kullanilmasini kabul ediyorum."[39m}
 [90m     |[39m                                                                                               [31m[1m^[22m[39m
 [90m 207 |[39m         [33m<[39m[33m/[39m[33mspan[39m[33m>[39m
 [90m 208 |[39m       [33m<[39m[33m/[39m[33mlabel[39m[33m>[39m
 [90m 209 |[39m[0m

Expected '</', got '}'

Import trace:
  Server Component:
    ./src/modules/marketing/components/landing-lead-form.tsx
    ./src/modules/marketing/components/landing-homepage-view.tsx
    ./src/app/page.tsx


    at <unknown> (./src/app/actions/cancel-order-item.ts:387:11)
    at <unknown> (./src/app/actions/get-bill-request-payment-summary.ts:114:9)
    at <unknown> (./src/app/actions/product-crud.ts:290:11)
    at <unknown> (./src/app/actions/save-payment-config.ts:48:9)
    at <unknown> (./src/app/restaurant/settings/settings-form.tsx:259:6)
    at <unknown> (./src/app/restaurant/users/users-manager.tsx:227:13)
    at <unknown> (./src/app/restaurant/waiter-calls/waiter-calls-log-view.tsx:256:29)
    at <unknown> (./src/app/waiter/table-account-transfer-modal.tsx:265:25)
    at <unknown> (./src/app/waiter/waiter-table-cards.tsx:145:21)
    at <unknown> (./src/modules/marketing/components/landing-lead-form.tsx:206:95)
