
> qrmenu-order@0.1.0 build
> next build

▲ Next.js 16.1.6 (Turbopack)
- Environments: .env

  Creating an optimized production build ...

> Build error occurred
Error: Turbopack build failed with 23 errors:
./src/app/(storefront)/[tableId]/menu-client.tsx:431:17
Parsing ecmascript source code failed
[0m [90m 429 |[39m               [36mtypeof[39m position[33m.[39mtimestamp [33m===[39m [32m"number"[39m
 [90m 430 |[39m                 [33m?[39m[33m?[39m position[33m.[39mtimestamp
[31m[1m>[22m[39m[90m 431 |[39m                 [33m:[39m [33mDate[39m[33m.[39mnow()[33m,[39m
 [90m     |[39m                 [31m[1m^[22m[39m
 [90m 432 |[39m           })[33m;[39m
 [90m 433 |[39m         }[33m,[39m
 [90m 434 |[39m         (error) [33m=>[39m {[0m

Expected ',', got ':'

Import trace:
  Server Component:
    ./src/app/(storefront)/[tableId]/menu-client.tsx
    ./src/app/(storefront)/[tableId]/page.tsx


./src/app/actions/cancel-order-item.ts:115:7
Parsing ecmascript source code failed
[0m [90m 113 |[39m           tableId[33m:[39m order[33m.[39mtableId[33m,[39m
 [90m 114 |[39m         })
[31m[1m>[22m[39m[90m 115 |[39m       [33m:[39m [36mnull[39m[33m;[39m
 [90m     |[39m       [31m[1m^[22m[39m
 [90m 116 |[39m     [36mconst[39m paymentSettled [33m=[39m resolvePaymentSettledState({
 [90m 117 |[39m       paymentStatus[33m:[39m order[33m.[39mpaymentStatus[33m,[39m
 [90m 118 |[39m       deliveredAt[33m:[39m order[33m.[39mdeliveredAt[33m,[39m[0m

Expression expected

Import traces:
  Client Component Browser:
    ./src/app/actions/cancel-order-item.ts [Client Component Browser]
    ./src/app/waiter/orders-section.tsx [Client Component Browser]
    ./src/app/waiter/waiter-dashboard-client.tsx [Client Component Browser]
    ./src/app/waiter/waiter-dashboard-client.tsx [Server Component]
    ./src/app/waiter/page.tsx [Server Component]

  Client Component SSR:
    ./src/app/actions/cancel-order-item.ts [Client Component SSR]
    ./src/app/waiter/orders-section.tsx [Client Component SSR]
    ./src/app/waiter/waiter-dashboard-client.tsx [Client Component SSR]
    ./src/app/waiter/waiter-dashboard-client.tsx [Server Component]
    ./src/app/waiter/page.tsx [Server Component]


./src/app/actions/create-iyzico-checkout.ts:144:81
Parsing ecmascript source code failed
[0m [90m 142 |[39m     [36mconst[39m paymentPageUrl [33m=[39m
 [90m 143 |[39m       result[33m.[39mpaymentPageUrl [33m?[39m
[31m[1m>[22m[39m[90m 144 |[39m       [32m`https://sandbox-merchant.iyzipay.com/tr/?deme/form?token=${result.token}`[39m[33m;[39m
 [90m     |[39m                                                                                 [31m[1m^[22m[39m
 [90m 145 |[39m
 [90m 146 |[39m     [36mreturn[39m {
 [90m 147 |[39m       success[33m:[39m [36mtrue[39m[33m,[39m[0m

Expected ':', got ';'

Import traces:
  Client Component Browser:
    ./src/app/actions/create-iyzico-checkout.ts [Client Component Browser]
    ./src/app/waiter/bill-requests-section.tsx [Client Component Browser]
    ./src/app/waiter/waiter-dashboard-client.tsx [Client Component Browser]
    ./src/app/waiter/waiter-dashboard-client.tsx [Server Component]
    ./src/app/waiter/page.tsx [Server Component]

  Client Component SSR:
    ./src/app/actions/create-iyzico-checkout.ts [Client Component SSR]
    ./src/app/waiter/bill-requests-section.tsx [Client Component SSR]
    ./src/app/waiter/waiter-dashboard-client.tsx [Client Component SSR]
    ./src/app/waiter/waiter-dashboard-client.tsx [Server Component]
    ./src/app/waiter/page.tsx [Server Component]


./src/app/actions/get-bill-request-payment-summary.ts:52:7
Parsing ecmascript source code failed
[0m [90m 50 |[39m           ][33m,[39m
 [90m 51 |[39m         }
[31m[1m>[22m[39m[90m 52 |[39m       [33m:[39m {}[33m;[39m
 [90m    |[39m       [31m[1m^[22m[39m
 [90m 53 |[39m
 [90m 54 |[39m     [36mconst[39m cycleOrders [33m=[39m [36mawait[39m prisma[33m.[39morder[33m.[39mfindMany({
 [90m 55 |[39m       where[33m:[39m {[0m

Expression expected

Import traces:
  Client Component Browser:
    ./src/app/actions/get-bill-request-payment-summary.ts [Client Component Browser]
    ./src/app/waiter/bill-requests-section.tsx [Client Component Browser]
    ./src/app/waiter/waiter-dashboard-client.tsx [Client Component Browser]
    ./src/app/waiter/waiter-dashboard-client.tsx [Server Component]
    ./src/app/waiter/page.tsx [Server Component]

  Client Component SSR:
    ./src/app/actions/get-bill-request-payment-summary.ts [Client Component SSR]
    ./src/app/waiter/bill-requests-section.tsx [Client Component SSR]
    ./src/app/waiter/waiter-dashboard-client.tsx [Client Component SSR]
    ./src/app/waiter/waiter-dashboard-client.tsx [Server Component]
    ./src/app/waiter/page.tsx [Server Component]


./src/app/actions/settle-bill-with-payment.ts:138:12
Parsing ecmascript source code failed
[0m [90m 136 |[39m           status[33m:[39m [32m"SETTLED"[39m[33m,[39m
 [90m 137 |[39m           settledAt[33m:[39m now[33m,[39m
[31m[1m>[22m[39m[90m 138 |[39m           [33m...[39m(bill[33m.[39macknowledgedAt [33m==[39m [36mnull[39m
 [90m     |[39m            [31m[1m^[22m[39m[31m[1m^[22m[39m[31m[1m^[22m[39m[31m[1m^[22m[39m[31m[1m^[22m[39m[31m[1m^[22m[39m[31m[1m^[22m[39m[31m[1m^[22m[39m[31m[1m^[22m[39m[31m[1m^[22m[39m[31m[1m^[22m[39m[31m[1m^[22m[39m[31m[1m^[22m[39m[31m[1m^[22m[39m[31m[1m^[22m[39m[31m[1m^[22m[39m[31m[1m^[22m[39m[31m[1m^[22m[39m[31m[1m^[22m[39m[31m[1m^[22m[39m[31m[1m^[22m[39m[31m[1m^[22m[39m[31m[1m^[22m[39m[31m[1m^[22m[39m[31m[1m^[22m[39m[31m[1m^[22m[39m[31m[1m^[22m[39m[31m[1m^[22m[39m[31m[1m^[22m[39m[31m[1m^[22m[39m
[31m[1m>[22m[39m[90m 139 |[39m             [33m?[39m[33m?[39m {
 [90m     |[39m [31m[1m^[22m[39m[31m[1m^[22m[39m[31m[1m^[22m[39m[31m[1m^[22m[39m[31m[1m^[22m[39m[31m[1m^[22m[39m[31m[1m^[22m[39m[31m[1m^[22m[39m[31m[1m^[22m[39m[31m[1m^[22m[39m[31m[1m^[22m[39m[31m[1m^[22m[39m[31m[1m^[22m[39m[31m[1m^[22m[39m[31m[1m^[22m[39m[31m[1m^[22m[39m
[31m[1m>[22m[39m[90m 140 |[39m                 acknowledgedAt[33m:[39m now[33m,[39m
 [90m     |[39m [31m[1m^[22m[39m[31m[1m^[22m[39m[31m[1m^[22m[39m[31m[1m^[22m[39m[31m[1m^[22m[39m[31m[1m^[22m[39m[31m[1m^[22m[39m[31m[1m^[22m[39m[31m[1m^[22m[39m[31m[1m^[22m[39m[31m[1m^[22m[39m[31m[1m^[22m[39m[31m[1m^[22m[39m[31m[1m^[22m[39m[31m[1m^[22m[39m[31m[1m^[22m[39m
[31m[1m>[22m[39m[90m 141 |[39m                 acknowledgedByStaffId[33m:[39m staffId [33m?[39m[33m?[39m [36mnull[39m[33m,[39m
 [90m     |[39m [31m[1m^[22m[39m[31m[1m^[22m[39m[31m[1m^[22m[39m[31m[1m^[22m[39m[31m[1m^[22m[39m[31m[1m^[22m[39m[31m[1m^[22m[39m[31m[1m^[22m[39m[31m[1m^[22m[39m[31m[1m^[22m[39m[31m[1m^[22m[39m[31m[1m^[22m[39m[31m[1m^[22m[39m[31m[1m^[22m[39m[31m[1m^[22m[39m[31m[1m^[22m[39m
[31m[1m>[22m[39m[90m 142 |[39m               }
 [90m     |[39m [31m[1m^[22m[39m[31m[1m^[22m[39m[31m[1m^[22m[39m[31m[1m^[22m[39m[31m[1m^[22m[39m[31m[1m^[22m[39m[31m[1m^[22m[39m[31m[1m^[22m[39m[31m[1m^[22m[39m[31m[1m^[22m[39m[31m[1m^[22m[39m[31m[1m^[22m[39m[31m[1m^[22m[39m
 [90m 143 |[39m             [33m:[39m {})[33m,[39m
 [90m 144 |[39m         }[33m,[39m
 [90m 145 |[39m       })[33m;[39m[0m

Not a pattern

Import traces:
  Client Component Browser:
    ./src/app/actions/settle-bill-with-payment.ts [Client Component Browser]
    ./src/app/waiter/bill-requests-section.tsx [Client Component Browser]
    ./src/app/waiter/waiter-dashboard-client.tsx [Client Component Browser]
    ./src/app/waiter/waiter-dashboard-client.tsx [Server Component]
    ./src/app/waiter/page.tsx [Server Component]

  Client Component SSR:
    ./src/app/actions/settle-bill-with-payment.ts [Client Component SSR]
    ./src/app/waiter/bill-requests-section.tsx [Client Component SSR]
    ./src/app/waiter/waiter-dashboard-client.tsx [Client Component SSR]
    ./src/app/waiter/waiter-dashboard-client.tsx [Server Component]
    ./src/app/waiter/page.tsx [Server Component]


./src/app/actions/staff-users.ts:123:9
Parsing ecmascript source code failed
[0m [90m 121 |[39m       weekly [33m!=[39m [36mnull[39m
 [90m 122 |[39m         [33m?[39m[33m?[39m deriveLegacyFieldsFromWeekly(weekly)
[31m[1m>[22m[39m[90m 123 |[39m         [33m:[39m { workingDays[33m:[39m [] [36mas[39m [33mWeekday[39m[][33m,[39m shiftStart[33m:[39m [36mnull[39m [36mas[39m string [33m|[39m [36mnull[39m[33m,[39m shiftEnd[33m:[39m [36mnull[39m [36mas[39m string [33m|[39m [36mnull[39m }[33m;[39m
 [90m     |[39m         [31m[1m^[22m[39m
 [90m 124 |[39m
 [90m 125 |[39m     [36mconst[39m missingFields[33m:[39m [33mArray[39m[33m<[39m[32m"displayName"[39m [33m|[39m [32m"username"[39m [33m|[39m [32m"temporaryPassword"[39m[33m>[39m [33m=[39m [][33m;[39m
 [90m 126 |[39m     [36mif[39m ([33m![39mdisplayName) missingFields[33m.[39mpush([32m"displayName"[39m)[33m;[39m[0m

Expression expected

Import traces:
  Client Component Browser:
    ./src/app/actions/staff-users.ts [Client Component Browser]
    ./src/app/staff/set-password/set-password-form.tsx [Client Component Browser]
    ./src/app/staff/set-password/set-password-form.tsx [Server Component]
    ./src/app/staff/set-password/page.tsx [Server Component]

  Client Component SSR:
    ./src/app/actions/staff-users.ts [Client Component SSR]
    ./src/app/staff/set-password/set-password-form.tsx [Client Component SSR]
    ./src/app/staff/set-password/set-password-form.tsx [Server Component]
    ./src/app/staff/set-password/page.tsx [Server Component]


./src/app/actions/update-bill-request-status.ts:72:13
Parsing ecmascript source code failed
[0m [90m 70 |[39m           status [33m===[39m [32m"ACKNOWLEDGED"[39m
 [90m 71 |[39m             [33m?[39m[33m?[39m [32m"Hesap istegi zaten alindi olarak isaretlenmis."[39m
[31m[1m>[22m[39m[90m 72 |[39m             [33m:[39m [32m"Hesap istegi zaten beklemede."[39m[33m,[39m
 [90m    |[39m             [31m[1m^[22m[39m
 [90m 73 |[39m       }[33m;[39m
 [90m 74 |[39m     }
 [90m 75 |[39m[0m

Expected ',', got ':'

Import traces:
  Client Component Browser:
    ./src/app/actions/update-bill-request-status.ts [Client Component Browser]
    ./src/app/waiter/bill-requests-section.tsx [Client Component Browser]
    ./src/app/waiter/waiter-dashboard-client.tsx [Client Component Browser]
    ./src/app/waiter/waiter-dashboard-client.tsx [Server Component]
    ./src/app/waiter/page.tsx [Server Component]

  Client Component SSR:
    ./src/app/actions/update-bill-request-status.ts [Client Component SSR]
    ./src/app/waiter/bill-requests-section.tsx [Client Component SSR]
    ./src/app/waiter/waiter-dashboard-client.tsx [Client Component SSR]
    ./src/app/waiter/waiter-dashboard-client.tsx [Server Component]
    ./src/app/waiter/page.tsx [Server Component]


./src/app/kitchen/orders-list.tsx:365:15
Parsing ecmascript source code failed
[0m [90m 363 |[39m             {nowMs [33m!=[39m [36mnull[39m
 [90m 364 |[39m               [33m?[39m[33m?[39m [36mnew[39m [33mDate[39m(nowMs)[33m.[39mtoLocaleTimeString([32m"tr-TR"[39m)
[31m[1m>[22m[39m[90m 365 |[39m               [33m:[39m formatShortTime(summary[33m?[39m[33m.[39mlastUpdatedIso [33m?[39m[33m?[39m [36mnull[39m)}
 [90m     |[39m               [31m[1m^[22m[39m
 [90m 366 |[39m           [33m<[39m[33m/[39m[33mp[39m[33m>[39m
 [90m 367 |[39m         [33m<[39m[33m/[39m[33mdiv[39m[33m>[39m
 [90m 368 |[39m       [33m<[39m[33m/[39m[33msection[39m[33m>[39m[0m

Expected '</', got ':'

Import trace:
  Server Component:
    ./src/app/kitchen/orders-list.tsx
    ./src/app/kitchen/page.tsx


./src/app/restaurant/menu/menu-manager.tsx:952:60
Parsing ecmascript source code failed
[0m [90m 950 |[39m         toast[33m.[39merror(
 [90m 951 |[39m           (result [36mas[39m { message[33m?[39m[33m:[39m string })[33m.[39mmessage [33m?[39m
[31m[1m>[22m[39m[90m 952 |[39m             [32m"Görsel yüklenemedi. Lütfen tekrar deneyin."[39m[33m,[39m
 [90m     |[39m                                                            [31m[1m^[22m[39m
 [90m 953 |[39m         )[33m;[39m
 [90m 954 |[39m       }
 [90m 955 |[39m     })[33m;[39m[0m

Expected ':', got ','

Import trace:
  Server Component:
    ./src/app/restaurant/menu/menu-manager.tsx
    ./src/app/restaurant/menu/page.tsx


./src/app/restaurant/reports/reports-view.tsx:390:14
Parsing ecmascript source code failed
[0m [90m 388 |[39m               dayEndReport[33m.[39maverageOrderAmount [33m==[39m [36mnull[39m
 [90m 389 |[39m                 [33m?[39m[33m?[39m [32m"-"[39m
[31m[1m>[22m[39m[90m 390 |[39m                 [33m:[39m formatTryCurrency(dayEndReport[33m.[39maverageOrderAmount)
 [90m     |[39m              [31m[1m^[22m[39m
 [90m 391 |[39m             }
 [90m 392 |[39m             valueClassName[33m=[39m[32m"text-xl"[39m
 [90m 393 |[39m           [33m/[39m[33m>[39m[0m

Expected '</', got ':'

Import trace:
  Server Component:
    ./src/app/restaurant/reports/reports-view.tsx
    ./src/app/restaurant/reports/page.tsx


./src/app/restaurant/settings/domain-section.tsx:102:15
Parsing ecmascript source code failed
[0m [90m 100 |[39m                 [33m<[39m[33m/[39m[33mtd[39m[33m>[39m
 [90m 101 |[39m               [33m<[39m[33m/[39m[33mtr[39m[33m>[39m
[31m[1m>[22m[39m[90m 102 |[39m             ) [33m:[39m (
 [90m     |[39m               [31m[1m^[22m[39m
 [90m 103 |[39m               domains[33m.[39mmap((d) [33m=>[39m (
 [90m 104 |[39m                 [33m<[39m[33mtr[39m
 [90m 105 |[39m                   key[33m=[39m{d[33m.[39mid}[0m

Expected '</', got ':'

Import trace:
  Server Component:
    ./src/app/restaurant/settings/domain-section.tsx
    ./src/app/restaurant/settings/page.tsx


./src/app/restaurant/settings/payment-settings-section.tsx:145:21
Parsing ecmascript source code failed
[0m [90m 143 |[39m                   iyzico[33m?[39m[33m.[39msecretKeySet
 [90m 144 |[39m                     [33m?[39m[33m?[39m [32m"Değiştirmek için yeni değer girin"[39m
[31m[1m>[22m[39m[90m 145 |[39m                     [33m:[39m [32m"IyziCo Secret Key"[39m
 [90m     |[39m                     [31m[1m^[22m[39m
 [90m 146 |[39m                 }
 [90m 147 |[39m                 autoComplete[33m=[39m[32m"off"[39m
 [90m 148 |[39m                 className[33m=[39m[32m"w-full rounded-lg border border-neutral-200 px-3 py-2 text-sm outline-none focus:border-emerald-500 focus:ring-1 focus:ring-emerald-500"[39m[0m

Expected '</', got ':'

Import trace:
  Server Component:
    ./src/app/restaurant/settings/payment-settings-section.tsx
    ./src/app/restaurant/settings/page.tsx


./src/app/restaurant/settings/settings-form.tsx:210:10
Parsing ecmascript source code failed
[0m [90m 208 |[39m           error[33m.[39mcode [33m===[39m error[33m.[39m[33mPERMISSION_DENIED[39m
 [90m 209 |[39m             [33m?[39m[33m?[39m [32m"Konum izni reddedildi."[39m
[31m[1m>[22m[39m[90m 210 |[39m             [33m:[39m [32m"Konum alınamadı. Lütfen manuel girin."[39m[33m;[39m
 [90m     |[39m          [31m[1m^[22m[39m
 [90m 211 |[39m         toast[33m.[39merror(message)[33m;[39m
 [90m 212 |[39m         setIsDetectingLocation([36mfalse[39m)[33m;[39m
 [90m 213 |[39m       }[33m,[39m[0m

Expression expected

Import trace:
  Server Component:
    ./src/app/restaurant/settings/settings-form.tsx
    ./src/app/restaurant/settings/page.tsx


./src/app/restaurant/users/users-manager.tsx:101:7
Parsing ecmascript source code failed
[0m [90m  99 |[39m     [36mconst[39m rawRole [33m=[39m [33mString[39m(formData[33m.[39m[36mget[39m([32m"role"[39m) [33m?[39m[33m?[39m role)[33m;[39m
 [90m 100 |[39m     [36mconst[39m normalizedRole [33m=[39m
[31m[1m>[22m[39m[90m 101 |[39m       rawRole [33m===[39m [32m"RESTAURANT_MANAGER"[39m [33m||[39m rawRole [33m===[39m [32m"WAITER"[39m [33m||[39m rawRole [33m===[39m [32m"KITCHEN"[39m
 [90m     |[39m       [31m[1m^[22m[39m[31m[1m^[22m[39m[31m[1m^[22m[39m[31m[1m^[22m[39m[31m[1m^[22m[39m[31m[1m^[22m[39m[31m[1m^[22m[39m[31m[1m^[22m[39m[31m[1m^[22m[39m[31m[1m^[22m[39m[31m[1m^[22m[39m[31m[1m^[22m[39m[31m[1m^[22m[39m[31m[1m^[22m[39m[31m[1m^[22m[39m[31m[1m^[22m[39m[31m[1m^[22m[39m[31m[1m^[22m[39m[31m[1m^[22m[39m[31m[1m^[22m[39m[31m[1m^[22m[39m[31m[1m^[22m[39m[31m[1m^[22m[39m[31m[1m^[22m[39m[31m[1m^[22m[39m[31m[1m^[22m[39m[31m[1m^[22m[39m[31m[1m^[22m[39m[31m[1m^[22m[39m[31m[1m^[22m[39m[31m[1m^[22m[39m[31m[1m^[22m[39m[31m[1m^[22m[39m[31m[1m^[22m[39m[31m[1m^[22m[39m[31m[1m^[22m[39m[31m[1m^[22m[39m[31m[1m^[22m[39m[31m[1m^[22m[39m[31m[1m^[22m[39m[31m[1m^[22m[39m[31m[1m^[22m[39m[31m[1m^[22m[39m[31m[1m^[22m[39m[31m[1m^[22m[39m[31m[1m^[22m[39m[31m[1m^[22m[39m[31m[1m^[22m[39m[31m[1m^[22m[39m[31m[1m^[22m[39m[31m[1m^[22m[39m[31m[1m^[22m[39m[31m[1m^[22m[39m[31m[1m^[22m[39m[31m[1m^[22m[39m[31m[1m^[22m[39m[31m[1m^[22m[39m[31m[1m^[22m[39m[31m[1m^[22m[39m[31m[1m^[22m[39m[31m[1m^[22m[39m[31m[1m^[22m[39m[31m[1m^[22m[39m[31m[1m^[22m[39m[31m[1m^[22m[39m[31m[1m^[22m[39m[31m[1m^[22m[39m[31m[1m^[22m[39m[31m[1m^[22m[39m[31m[1m^[22m[39m[31m[1m^[22m[39m[31m[1m^[22m[39m[31m[1m^[22m[39m[31m[1m^[22m[39m[31m[1m^[22m[39m[31m[1m^[22m[39m[31m[1m^[22m[39m[31m[1m^[22m[39m[31m[1m^[22m[39m[31m[1m^[22m[39m[31m[1m^[22m[39m
 [90m 102 |[39m         [33m?[39m[33m?[39m rawRole
 [90m 103 |[39m         [33m:[39m role[33m;[39m
 [90m 104 |[39m[0m

Nullish coalescing operator(??) requires parens when mixing with logical operators

Import trace:
  Server Component:
    ./src/app/restaurant/users/users-manager.tsx
    ./src/app/restaurant/users/page.tsx


./src/app/restaurant/waiter-calls/waiter-calls-log-view.tsx:95:7
Parsing ecmascript source code failed
[0m [90m 93 |[39m     responseMinutes[33m.[39mlength [33m>[39m [35m0[39m
 [90m 94 |[39m       [33m?[39m[33m?[39m [33mMath[39m[33m.[39mround(responseMinutes[33m.[39mreduce((sum[33m,[39m value) [33m=>[39m sum [33m+[39m value[33m,[39m [35m0[39m) [33m/[39m responseMinutes[33m.[39mlength)
[31m[1m>[22m[39m[90m 95 |[39m       [33m:[39m [36mnull[39m[33m;[39m
 [90m    |[39m       [31m[1m^[22m[39m
 [90m 96 |[39m   [36mconst[39m attendedStaffCount [33m=[39m [36mnew[39m [33mSet[39m(
 [90m 97 |[39m     calls[33m.[39mmap((c) [33m=>[39m c[33m.[39mstaffName[33m?[39m[33m.[39mtrim())[33m.[39mfilter((value)[33m:[39m value is string [33m=>[39m [33mBoolean[39m(value))[33m,[39m
 [90m 98 |[39m   )[33m.[39msize[33m;[39m[0m

Expression expected

Import trace:
  Server Component:
    ./src/app/restaurant/waiter-calls/waiter-calls-log-view.tsx
    ./src/app/restaurant/waiter-calls/page.tsx


./src/app/waiter/manual-order-fab.tsx:173:23
Parsing ecmascript source code failed
[0m [90m 171 |[39m                         [33m<[39m[33m/[39m[33mdiv[39m[33m>[39m
 [90m 172 |[39m                       [33m<[39m[33m/[39m[33mdiv[39m[33m>[39m
[31m[1m>[22m[39m[90m 173 |[39m                     ) [33m:[39m [36mnull[39m[33m,[39m
 [90m     |[39m                       [31m[1m^[22m[39m
 [90m 174 |[39m                   )}
 [90m 175 |[39m                 [33m<[39m[33m/[39m[33mdiv[39m[33m>[39m
 [90m 176 |[39m               [33m<[39m[33m/[39m[33mdiv[39m[33m>[39m[0m

Expected '</', got ':'

Import traces:
  Client Component Browser:
    ./src/app/waiter/manual-order-fab.tsx [Client Component Browser]
    ./src/app/waiter/waiter-table-and-order-section.tsx [Client Component Browser]
    ./src/app/waiter/waiter-dashboard-client.tsx [Client Component Browser]
    ./src/app/waiter/waiter-dashboard-client.tsx [Server Component]
    ./src/app/waiter/page.tsx [Server Component]

  Client Component SSR:
    ./src/app/waiter/manual-order-fab.tsx [Client Component SSR]
    ./src/app/waiter/waiter-table-and-order-section.tsx [Client Component SSR]
    ./src/app/waiter/waiter-dashboard-client.tsx [Client Component SSR]
    ./src/app/waiter/waiter-dashboard-client.tsx [Server Component]
    ./src/app/waiter/page.tsx [Server Component]


./src/app/waiter/table-account-transfer-modal.tsx:126:7
Parsing ecmascript source code failed
[0m [90m 124 |[39m     mode [33m===[39m [32m"full"[39m
 [90m 125 |[39m       [33m?[39m[33m?[39m [32m"Hesabi Tasima"[39m
[31m[1m>[22m[39m[90m 126 |[39m       [33m:[39m mode [33m===[39m [32m"merge"[39m
 [90m     |[39m       [31m[1m^[22m[39m
 [90m 127 |[39m         [33m?[39m[33m?[39m [32m"Masa Birlestir"[39m
 [90m 128 |[39m         [33m:[39m mode [33m===[39m [32m"partial"[39m
 [90m 129 |[39m           [33m?[39m[33m?[39m [32m"Kalem Tasima"[39m[0m

Expression expected

Import traces:
  Client Component Browser:
    ./src/app/waiter/table-account-transfer-modal.tsx [Client Component Browser]
    ./src/app/waiter/waiter-table-and-order-section.tsx [Client Component Browser]
    ./src/app/waiter/waiter-dashboard-client.tsx [Client Component Browser]
    ./src/app/waiter/waiter-dashboard-client.tsx [Server Component]
    ./src/app/waiter/page.tsx [Server Component]

  Client Component SSR:
    ./src/app/waiter/table-account-transfer-modal.tsx [Client Component SSR]
    ./src/app/waiter/waiter-table-and-order-section.tsx [Client Component SSR]
    ./src/app/waiter/waiter-dashboard-client.tsx [Client Component SSR]
    ./src/app/waiter/waiter-dashboard-client.tsx [Server Component]
    ./src/app/waiter/page.tsx [Server Component]


./src/app/waiter/waiter-table-cards.tsx:115:19
Parsing ecmascript source code failed
[0m [90m 113 |[39m                     [33mAktif[39m sipariş [36mvar[39m
 [90m 114 |[39m                   [33m<[39m[33m/[39m[33mspan[39m[33m>[39m
[31m[1m>[22m[39m[90m 115 |[39m                 ) [33m:[39m [36mnull[39m}
 [90m     |[39m                   [31m[1m^[22m[39m
 [90m 116 |[39m               [33m<[39m[33m/[39m[33mdiv[39m[33m>[39m
 [90m 117 |[39m
 [90m 118 |[39m               {table[33m.[39misActive [33m&&[39m ([0m

Expected '</', got ':'

Import traces:
  Client Component Browser:
    ./src/app/waiter/waiter-table-cards.tsx [Client Component Browser]
    ./src/app/waiter/waiter-table-and-order-section.tsx [Client Component Browser]
    ./src/app/waiter/waiter-dashboard-client.tsx [Client Component Browser]
    ./src/app/waiter/waiter-dashboard-client.tsx [Server Component]
    ./src/app/waiter/page.tsx [Server Component]

  Client Component SSR:
    ./src/app/waiter/waiter-table-cards.tsx [Client Component SSR]
    ./src/app/waiter/waiter-table-and-order-section.tsx [Client Component SSR]
    ./src/app/waiter/waiter-dashboard-client.tsx [Client Component SSR]
    ./src/app/waiter/waiter-dashboard-client.tsx [Server Component]
    ./src/app/waiter/page.tsx [Server Component]


./src/components/ui/panel-select.tsx:169:81
Parsing ecmascript source code failed
[0m [90m 167 |[39m   [36mreturn[39m (
 [90m 168 |[39m     [33m<[39m[33mdiv[39m ref[33m=[39m{rootRef} className[33m=[39m{[[32m"ui-select-root w-full"[39m[33m,[39m className][33m.[39mfilter([33mBoolean[39m)[33m.[39mjoin([32m" "[39m)}[33m>[39m
[31m[1m>[22m[39m[90m 169 |[39m       {name [33m?[39m [33m<[39m[33minput[39m type[33m=[39m[32m"hidden"[39m name[33m=[39m{name} value[33m=[39m{selectedOption[33m?[39m[33m.[39mvalue [33m?[39m [32m""[39m} [33m/[39m[33m>[39m [33m:[39m [36mnull[39m}
 [90m     |[39m                                                                                 [31m[1m^[22m[39m
 [90m 170 |[39m       [33m<[39m[33mbutton[39m
 [90m 171 |[39m         ref[33m=[39m{triggerRef}
 [90m 172 |[39m         type[33m=[39m[32m"button"[39m[0m

Expected '</', got '}'

Import traces:
  Client Component Browser:
    ./src/components/ui/panel-select.tsx [Client Component Browser]
    ./src/app/restaurant/menu/showcase/_components/popular-showcase-manager.tsx [Client Component Browser]
    ./src/app/restaurant/menu/showcase/_components/popular-showcase-manager.tsx [Server Component]
    ./src/app/restaurant/menu/showcase/popular/page.tsx [Server Component]

  Client Component SSR:
    ./src/components/ui/panel-select.tsx [Client Component SSR]
    ./src/app/restaurant/menu/showcase/_components/popular-showcase-manager.tsx [Client Component SSR]
    ./src/app/restaurant/menu/showcase/_components/popular-showcase-manager.tsx [Server Component]
    ./src/app/restaurant/menu/showcase/popular/page.tsx [Server Component]


./src/lib/iyzico-order-refund.ts:55:81
Parsing ecmascript source code failed
[0m [90m 53 |[39m       message[33m:[39m
 [90m 54 |[39m         checkout[33m.[39merrorMessage [33m?[39m
[31m[1m>[22m[39m[90m 55 |[39m         [32m"Iyzico ?deme dogrulanamadi. Iade islemi guvenli sekilde baslatilamadi."[39m[33m,[39m
 [90m    |[39m                                                                                 [31m[1m^[22m[39m
 [90m 56 |[39m     }[33m;[39m
 [90m 57 |[39m   }
 [90m 58 |[39m[0m

Expected ':', got ','

Import trace:
  Server Component:
    ./src/lib/iyzico-order-refund.ts
    ./src/app/actions/update-order-status.ts


./src/modules/hq/actions/commercial-records.ts:229:13
Parsing ecmascript source code failed
[0m [90m 227 |[39m           actionType[33m:[39m lead[33m.[39mcommercialRecord
 [90m 228 |[39m             [33m?[39m[33m?[39m [32m"COMMERCIAL_RECORD_UPDATED"[39m
[31m[1m>[22m[39m[90m 229 |[39m             [33m:[39m [32m"COMMERCIAL_RECORD_CREATED"[39m[33m,[39m
 [90m     |[39m             [31m[1m^[22m[39m
 [90m 230 |[39m           description[33m:[39m [32m`status=${operationalStatus}; payment=${commercialRecord.paymentStatus}; remaining=${commercialRecord.remainingBalance.toString()}`[39m[33m,[39m
 [90m 231 |[39m         }[33m,[39m
 [90m 232 |[39m       })[33m;[39m[0m

Expected ',', got ':'

Import traces:
  Client Component Browser:
    ./src/modules/hq/actions/commercial-records.ts [Client Component Browser]
    ./src/modules/hq/components/lead-commercial-record-form.tsx [Client Component Browser]
    ./src/modules/hq/components/lead-commercial-record-form.tsx [Server Component]
    ./src/app/(hq)/hq/leads/[leadId]/page.tsx [Server Component]

  Client Component SSR:
    ./src/modules/hq/actions/commercial-records.ts [Client Component SSR]
    ./src/modules/hq/components/lead-commercial-record-form.tsx [Client Component SSR]
    ./src/modules/hq/components/lead-commercial-record-form.tsx [Server Component]
    ./src/app/(hq)/hq/leads/[leadId]/page.tsx [Server Component]


./src/modules/hq/components/tenant-feature-overrides.tsx:111:17
Parsing ecmascript source code failed
[0m [90m 109 |[39m               overrideValue [33m==[39m [36mnull[39m
 [90m 110 |[39m                 [33m?[39m[33m?[39m [32m"DEFAULT"[39m
[31m[1m>[22m[39m[90m 111 |[39m                 [33m:[39m overrideValue
 [90m     |[39m                 [31m[1m^[22m[39m
 [90m 112 |[39m                   [33m?[39m[33m?[39m [32m"ENABLED"[39m
 [90m 113 |[39m                   [33m:[39m [32m"DISABLED"[39m[33m;[39m
 [90m 114 |[39m             [36mreturn[39m ([0m

Expected '</', got ':'

Import trace:
  Server Component:
    ./src/modules/hq/components/tenant-feature-overrides.tsx
    ./src/app/(hq)/hq/tenants/[tenantId]/page.tsx


./src/modules/marketing/components/landing-lead-form.tsx:116:9
Parsing ecmascript source code failed
[0m [90m 114 |[39m           strategy[33m=[39m[32m"afterInteractive"[39m
 [90m 115 |[39m         [33m/[39m[33m>[39m
[31m[1m>[22m[39m[90m 116 |[39m       ) [33m:[39m [36mnull[39m}
 [90m     |[39m         [31m[1m^[22m[39m
 [90m 117 |[39m
 [90m 118 |[39m       [33m<[39m[33minput[39m type[33m=[39m[32m"hidden"[39m name[33m=[39m[32m"sourceContext"[39m value[33m=[39m[32m"LANDING_HOMEPAGE"[39m [33m/[39m[33m>[39m
 [90m 119 |[39m       [33m<[39m[33minput[39m type[33m=[39m[32m"hidden"[39m name[33m=[39m[32m"utmSource"[39m value[33m=[39m{tracking[33m.[39mutmSource} [33m/[39m[33m>[39m[0m

Expected '</', got ':'

Import trace:
  Server Component:
    ./src/modules/marketing/components/landing-lead-form.tsx
    ./src/modules/marketing/components/landing-homepage-view.tsx
    ./src/app/page.tsx


    at <unknown> (./src/app/(storefront)/[tableId]/menu-client.tsx:431:17)
    at <unknown> (./src/app/actions/cancel-order-item.ts:115:7)
    at <unknown> (./src/app/actions/create-iyzico-checkout.ts:144:81)
    at <unknown> (./src/app/actions/get-bill-request-payment-summary.ts:52:7)
    at <unknown> (./src/app/actions/settle-bill-with-payment.ts:138:12)
    at <unknown> (./src/app/actions/staff-users.ts:123:9)
    at <unknown> (./src/app/actions/update-bill-request-status.ts:72:13)
    at <unknown> (./src/app/kitchen/orders-list.tsx:365:15)
    at <unknown> (./src/app/restaurant/menu/menu-manager.tsx:952:60)
    at <unknown> (./src/app/restaurant/reports/reports-view.tsx:390:14)
    at <unknown> (./src/app/restaurant/settings/domain-section.tsx:102:15)
    at <unknown> (./src/app/restaurant/settings/payment-settings-section.tsx:145:21)
    at <unknown> (./src/app/restaurant/settings/settings-form.tsx:210:10)
    at <unknown> (./src/app/restaurant/users/users-manager.tsx:101:7)
    at <unknown> (./src/app/restaurant/waiter-calls/waiter-calls-log-view.tsx:95:7)
    at <unknown> (./src/app/waiter/manual-order-fab.tsx:173:23)
    at <unknown> (./src/app/waiter/table-account-transfer-modal.tsx:126:7)
    at <unknown> (./src/app/waiter/waiter-table-cards.tsx:115:19)
    at <unknown> (./src/components/ui/panel-select.tsx:169:81)
    at <unknown> (./src/lib/iyzico-order-refund.ts:55:81)
    at <unknown> (./src/modules/hq/actions/commercial-records.ts:229:13)
    at <unknown> (./src/modules/hq/components/tenant-feature-overrides.tsx:111:17)
    at <unknown> (./src/modules/marketing/components/landing-lead-form.tsx:116:9)
