
> qrmenu-order@0.1.0 build
> next build

▲ Next.js 16.1.6 (Turbopack)
- Environments: .env

  Creating an optimized production build ...

> Build error occurred
Error: Turbopack build failed with 4 errors:
./src/app/actions/product-crud.ts:97:72
Parsing ecmascript source code failed
[0m [90m  95 |[39m   }
 [90m  96 |[39m
[31m[1m>[22m[39m[90m  97 |[39m   [36mconst[39m supportsCustomAllergens [33m=[39m options[33m?[39m[33m.[39msupportsCustomAllergens [33m?[39m [36mfalse[39m[33m;[39m
 [90m     |[39m                                                                        [31m[1m^[22m[39m
 [90m  98 |[39m   [36mlet[39m customAllergens[33m:[39m string[] [33m=[39m [][33m;[39m
 [90m  99 |[39m   [36mif[39m (supportsCustomAllergens) {
 [90m 100 |[39m     [36mif[39m (input[33m.[39mcustomAllergens [33m!=[39m [36mnull[39m [33m&&[39m [33m![39m[33mArray[39m[33m.[39misArray(input[33m.[39mcustomAllergens)) {[0m

Expected ':', got ';'

Import traces:
  Client Component Browser:
    ./src/app/actions/product-crud.ts [Client Component Browser]
    ./src/app/restaurant/menu/menu-manager.tsx [Client Component Browser]
    ./src/app/restaurant/menu/menu-manager.tsx [Server Component]
    ./src/app/restaurant/menu/page.tsx [Server Component]

  Client Component SSR:
    ./src/app/actions/product-crud.ts [Client Component SSR]
    ./src/app/restaurant/menu/menu-manager.tsx [Client Component SSR]
    ./src/app/restaurant/menu/menu-manager.tsx [Server Component]
    ./src/app/restaurant/menu/page.tsx [Server Component]


./src/app/actions/table-account-transfer.ts:88:9
Parsing ecmascript source code failed
[0m [90m 86 |[39m             select[33m:[39m { orderId[33m:[39m [36mtrue[39m }[33m,[39m
 [90m 87 |[39m           })
[31m[1m>[22m[39m[90m 88 |[39m         [33m:[39m [33mPromise[39m[33m.[39mresolve([])[33m,[39m
 [90m    |[39m         [31m[1m^[22m[39m
 [90m 89 |[39m       orderIds[33m.[39mlength [33m>[39m [35m0[39m
 [90m 90 |[39m         [33m?[39m[33m?[39m prisma[33m.[39mcashOrderAdjustment[33m.[39mfindMany({
 [90m 91 |[39m             where[33m:[39m { tenantId[33m,[39m orderId[33m:[39m { [36min[39m[33m:[39m orderIds } }[33m,[39m[0m

Expected ',', got ':'

Import traces:
  Client Component Browser:
    ./src/app/actions/table-account-transfer.ts [Client Component Browser]
    ./src/app/waiter/table-account-transfer-modal.tsx [Client Component Browser]
    ./src/app/waiter/waiter-table-and-order-section.tsx [Client Component Browser]
    ./src/app/waiter/waiter-dashboard-client.tsx [Client Component Browser]
    ./src/app/waiter/waiter-dashboard-client.tsx [Server Component]
    ./src/app/waiter/page.tsx [Server Component]

  Client Component SSR:
    ./src/app/actions/table-account-transfer.ts [Client Component SSR]
    ./src/app/waiter/table-account-transfer-modal.tsx [Client Component SSR]
    ./src/app/waiter/waiter-table-and-order-section.tsx [Client Component SSR]
    ./src/app/waiter/waiter-dashboard-client.tsx [Client Component SSR]
    ./src/app/waiter/waiter-dashboard-client.tsx [Server Component]
    ./src/app/waiter/page.tsx [Server Component]


./src/app/actions/update-restaurant-settings.ts:115:9
Parsing ecmascript source code failed
[0m [90m 113 |[39m       data[33m.[39mlocationLatitude [33m!==[39m undefined
 [90m 114 |[39m         [33m?[39m[33m?[39m data[33m.[39mlocationLatitude
[31m[1m>[22m[39m[90m 115 |[39m         [33m:[39m restaurant[33m.[39mlocationLatitude [33m!=[39m [36mnull[39m
 [90m     |[39m         [31m[1m^[22m[39m
 [90m 116 |[39m           [33m?[39m[33m?[39m [33mNumber[39m(restaurant[33m.[39mlocationLatitude)
 [90m 117 |[39m           [33m:[39m [36mnull[39m[33m;[39m
 [90m 118 |[39m     [36mconst[39m effectiveLongitude [33m=[39m[0m

Expression expected

Import traces:
  Client Component Browser:
    ./src/app/actions/update-restaurant-settings.ts [Client Component Browser]
    ./src/app/restaurant/settings/settings-form.tsx [Client Component Browser]
    ./src/app/restaurant/settings/settings-form.tsx [Server Component]
    ./src/app/restaurant/settings/page.tsx [Server Component]

  Client Component SSR:
    ./src/app/actions/update-restaurant-settings.ts [Client Component SSR]
    ./src/app/restaurant/settings/settings-form.tsx [Client Component SSR]
    ./src/app/restaurant/settings/settings-form.tsx [Server Component]
    ./src/app/restaurant/settings/page.tsx [Server Component]


./src/app/restaurant/users/weekly-shift-editor.tsx:77:13
Parsing ecmascript source code failed
[0m [90m 75 |[39m           isModal
 [90m 76 |[39m             [33m?[39m[33m?[39m [32m"rounded-md border border-[#E8EBF0] bg-[#F8FAFC] p-2.5"[39m
[31m[1m>[22m[39m[90m 77 |[39m             [33m:[39m [32m"rounded-xl border border-[#E5E7EB] bg-[#F8FAFC] p-3 shadow-sm"[39m
 [90m    |[39m             [31m[1m^[22m[39m
 [90m 78 |[39m         }
 [90m 79 |[39m       [33m>[39m
 [90m 80 |[39m         [33m<[39m[33mp[39m className[33m=[39m[32m"text-[10px] font-semibold uppercase tracking-wide text-[#6B7280]"[39m[33m>[39m[0m

Expected '</', got ':'

Import traces:
  Client Component Browser:
    ./src/app/restaurant/users/weekly-shift-editor.tsx [Client Component Browser]
    ./src/app/restaurant/users/users-manager.tsx [Client Component Browser]
    ./src/app/restaurant/users/users-manager.tsx [Server Component]
    ./src/app/restaurant/users/page.tsx [Server Component]

  Client Component SSR:
    ./src/app/restaurant/users/weekly-shift-editor.tsx [Client Component SSR]
    ./src/app/restaurant/users/users-manager.tsx [Client Component SSR]
    ./src/app/restaurant/users/users-manager.tsx [Server Component]
    ./src/app/restaurant/users/page.tsx [Server Component]


    at <unknown> (./src/app/actions/product-crud.ts:97:72)
    at <unknown> (./src/app/actions/table-account-transfer.ts:88:9)
    at <unknown> (./src/app/actions/update-restaurant-settings.ts:115:9)
    at <unknown> (./src/app/restaurant/users/weekly-shift-editor.tsx:77:13)
